<?xml version="1.0" encoding="UTF-8"?>
<!-- Generated by org.testng.reporters.JUnitReportReporter -->
<testsuite hostname="Lenovo" failures="0" tests="1" name="Testcases.LoginPageTest" time="172.872" errors="0" timestamp="17 Nov 2019 15:33:13 GMT" skipped="0">
  <testcase classname="Testcases.LoginPageTest" name="login" time="172.872"/>
</testsuite> <!-- Testcases.LoginPageTest -->
